2026-04-11T16:06:14.934+07:00  INFO 28588 --- [ecommerce-backend] [main] c.o.ecommerce.ECommerceOtakuApplication  : Starting ECommerceOtakuApplication using Java 21.0.7 with PID 28588 (C:\Antigravity\A2\backend\target\classes started by LEGION in C:\Antigravity\A2\backend)
2026-04-11T16:06:14.945+07:00  INFO 28588 --- [ecommerce-backend] [main] c.o.ecommerce.ECommerceOtakuApplication  : No active profile set, falling back to 1 default profile: "default"
2026-04-11T16:06:15.859+07:00  INFO 28588 --- [ecommerce-backend] [main] .s.d.r.c.RepositoryConfigurationDelegate : Bootstrapping Spring Data JPA repositories in DEFAULT mode.
2026-04-11T16:06:15.911+07:00  INFO 28588 --- [ecommerce-backend] [main] .s.d.r.c.RepositoryConfigurationDelegate : Finished Spring Data repository scanning in 47 ms. Found 6 JPA repository interfaces.
2026-04-11T16:06:16.673+07:00  INFO 28588 --- [ecommerce-backend] [main] o.s.b.w.embedded.tomcat.TomcatWebServer  : Tomcat initialized with port 8080 (http)
2026-04-11T16:06:16.685+07:00  INFO 28588 --- [ecommerce-backend] [main] o.apache.catalina.core.StandardService   : Starting service [Tomcat]
2026-04-11T16:06:16.687+07:00  INFO 28588 --- [ecommerce-backend] [main] o.apache.catalina.core.StandardEngine    : Starting Servlet engine: [Apache Tomcat/10.1.19]
2026-04-11T16:06:16.741+07:00  INFO 28588 --- [ecommerce-backend] [main] o.a.c.c.C.[Tomcat].[localhost].[/]       : Initializing Spring embedded WebApplicationContext
2026-04-11T16:06:16.744+07:00  INFO 28588 --- [ecommerce-backend] [main] w.s.c.ServletWebServerApplicationContext : Root WebApplicationContext: initialization completed in 1743 ms
2026-04-11T16:06:16.981+07:00  INFO 28588 --- [ecommerce-backend] [main] com.zaxxer.hikari.HikariDataSource       : HikariPool-1 - Starting...
2026-04-11T16:06:17.242+07:00  INFO 28588 --- [ecommerce-backend] [main] com.zaxxer.hikari.pool.HikariPool        : HikariPool-1 - Added connection ConnectionID:1 ClientConnectionId: 6fcf2ee1-9c3e-4569-a44f-7fc4efaa3030
2026-04-11T16:06:17.246+07:00  INFO 28588 --- [ecommerce-backend] [main] com.zaxxer.hikari.HikariDataSource       : HikariPool-1 - Start completed.
2026-04-11T16:06:17.341+07:00  INFO 28588 --- [ecommerce-backend] [main] o.f.c.internal.license.VersionPrinter    : Flyway Community Edition 9.22.3 by Redgate
2026-04-11T16:06:17.346+07:00  INFO 28588 --- [ecommerce-backend] [main] o.f.c.internal.license.VersionPrinter    : See release notes here: https://rd.gt/416ObMi
2026-04-11T16:06:17.346+07:00  INFO 28588 --- [ecommerce-backend] [main] o.f.c.internal.license.VersionPrinter    : 
2026-04-11T16:06:17.365+07:00  INFO 28588 --- [ecommerce-backend] [main] org.flywaydb.core.FlywayExecutor         : Database: jdbc:sqlserver://localhost:1433;connectRetryInterval=10;connectRetryCount=1;maxResultBuffer=-1;sendTemporalDataTypesAsStringForBulkCopy=true;delayLoadingLobs=true;useFmtOnly=false;useBulkCopyForBatchInsert=false;cancelQueryTimeout=-1;sslProtocol=TLS;jaasConfigurationName=SQLJDBCDriver;statementPoolingCacheSize=0;serverPreparedStatementDiscardThreshold=10;enablePrepareOnFirstPreparedStatementCall=false;fips=false;socketTimeout=0;authentication=NotSpecified;authenticationScheme=nativeAuthentication;xopenStates=false;datetimeParameterType=datetime2;sendTimeAsDatetime=true;replication=false;trustStoreType=JKS;trustServerCertificate=true;TransparentNetworkIPResolution=true;iPAddressPreference=IPv4First;serverNameAsACE=false;sendStringParametersAsUnicode=true;selectMethod=direct;responseBuffering=adaptive;queryTimeout=-1;packetSize=8000;multiSubnetFailover=false;loginTimeout=30;lockTimeout=-1;lastUpdateCount=true;prepareMethod=prepexec;encrypt=true;disableStatementPooling=true;databaseName=OtakuECommerce;columnEncryptionSetting=Disabled;applicationName=Microsoft JDBC Driver for SQL Server;applicationIntent=readwrite; (Microsoft SQL Server 15.0)
2026-04-11T16:06:17.484+07:00  INFO 28588 --- [ecommerce-backend] [main] o.f.core.internal.command.DbValidate     : Successfully validated 3 migrations (execution time 00:00.077s)
2026-04-11T16:06:17.518+07:00  INFO 28588 --- [ecommerce-backend] [main] o.f.core.internal.command.DbMigrate      : Current version of schema [dbo]: 3
2026-04-11T16:06:17.523+07:00  INFO 28588 --- [ecommerce-backend] [main] o.f.core.internal.command.DbMigrate      : Schema [dbo] is up to date. No migration necessary.
2026-04-11T16:06:17.623+07:00  INFO 28588 --- [ecommerce-backend] [main] o.hibernate.jpa.internal.util.LogHelper  : HHH000204: Processing PersistenceUnitInfo [name: default]
2026-04-11T16:06:17.697+07:00  INFO 28588 --- [ecommerce-backend] [main] org.hibernate.Version                    : HHH000412: Hibernate ORM core version 6.4.4.Final
2026-04-11T16:06:17.734+07:00  INFO 28588 --- [ecommerce-backend] [main] o.h.c.internal.RegionFactoryInitiator    : HHH000026: Second-level cache disabled
2026-04-11T16:06:17.951+07:00  INFO 28588 --- [ecommerce-backend] [main] o.s.o.j.p.SpringPersistenceUnitInfo      : No LoadTimeWeaver setup: ignoring JPA class transformer
2026-04-11T16:06:17.993+07:00  WARN 28588 --- [ecommerce-backend] [main] org.hibernate.orm.deprecation            : HHH90000025: SQLServerDialect does not need to be specified explicitly using 'hibernate.dialect' (remove the property setting and it will be selected by default)
2026-04-11T16:06:18.781+07:00  INFO 28588 --- [ecommerce-backend] [main] o.h.e.t.j.p.i.JtaPlatformInitiator       : HHH000489: No JTA platform available (set 'hibernate.transaction.jta.platform' to enable JTA platform integration)
2026-04-11T16:06:19.061+07:00  INFO 28588 --- [ecommerce-backend] [main] j.LocalContainerEntityManagerFactoryBean : Initialized JPA EntityManagerFactory for persistence unit 'default'
2026-04-11T16:06:19.130+07:00  WARN 28588 --- [ecommerce-backend] [main] JpaBaseConfiguration$JpaWebConfiguration : spring.jpa.open-in-view is enabled by default. Therefore, database queries may be performed during view rendering. Explicitly configure spring.jpa.open-in-view to disable this warning
2026-04-11T16:06:19.189+07:00  WARN 28588 --- [ecommerce-backend] [main] .s.s.UserDetailsServiceAutoConfiguration : 

Using generated security password: 4ce45d87-b83c-40be-b23c-47b50846cc72

This generated password is for development use only. Your security configuration must be updated before running your application in production.

2026-04-11T16:06:19.528+07:00  INFO 28588 --- [ecommerce-backend] [main] o.s.b.a.e.web.EndpointLinksResolver      : Exposing 3 endpoint(s) beneath base path '/actuator'
2026-04-11T16:06:19.581+07:00  INFO 28588 --- [ecommerce-backend] [main] o.s.s.web.DefaultSecurityFilterChain     : Will secure any request with [org.springframework.security.web.session.DisableEncodeUrlFilter@1e470a51, org.springframework.security.web.context.request.async.WebAsyncManagerIntegrationFilter@6971f5f4, org.springframework.security.web.context.SecurityContextHolderFilter@31e3b882, org.springframework.security.web.header.HeaderWriterFilter@4a4979bf, org.springframework.web.filter.CorsFilter@5b784f16, org.springframework.security.web.authentication.logout.LogoutFilter@d2ca3a9, org.springframework.security.web.savedrequest.RequestCacheAwareFilter@6a4c4261, org.springframework.security.web.servletapi.SecurityContextHolderAwareRequestFilter@6f45a2fd, org.springframework.security.web.authentication.AnonymousAuthenticationFilter@21143041, org.springframework.security.web.session.SessionManagementFilter@39d62e47, org.springframework.security.web.access.ExceptionTranslationFilter@59fa5a39, org.springframework.security.web.access.intercept.AuthorizationFilter@23acd55e]
2026-04-11T16:06:20.295+07:00  INFO 28588 --- [ecommerce-backend] [main] o.s.b.w.embedded.tomcat.TomcatWebServer  : Tomcat started on port 8080 (http) with context path ''
2026-04-11T16:06:20.311+07:00  INFO 28588 --- [ecommerce-backend] [main] c.o.ecommerce.ECommerceOtakuApplication  : Started ECommerceOtakuApplication in 5.876 seconds (process running for 6.229)
2026-04-11T16:06:55.316+07:00  INFO 28588 --- [ecommerce-backend] [http-nio-8080-exec-1] o.a.c.c.C.[Tomcat].[localhost].[/]       : Initializing Spring DispatcherServlet 'dispatcherServlet'
2026-04-11T16:06:55.316+07:00  INFO 28588 --- [ecommerce-backend] [http-nio-8080-exec-1] o.s.web.servlet.DispatcherServlet        : Initializing Servlet 'dispatcherServlet'
2026-04-11T16:06:55.320+07:00  INFO 28588 --- [ecommerce-backend] [http-nio-8080-exec-1] o.s.web.servlet.DispatcherServlet        : Completed initialization in 3 ms
2026-04-11T16:08:49.831+07:00  INFO 14156 --- [ecommerce-backend] [main] c.o.ecommerce.ECommerceOtakuApplication  : Starting ECommerceOtakuApplication using Java 21.0.7 with PID 14156 (C:\Antigravity\A2\backend\target\classes started by LEGION in C:\Antigravity\A2\backend)
2026-04-11T16:08:49.835+07:00  INFO 14156 --- [ecommerce-backend] [main] c.o.ecommerce.ECommerceOtakuApplication  : No active profile set, falling back to 1 default profile: "default"
2026-04-11T16:08:50.614+07:00  INFO 14156 --- [ecommerce-backend] [main] .s.d.r.c.RepositoryConfigurationDelegate : Bootstrapping Spring Data JPA repositories in DEFAULT mode.
2026-04-11T16:08:50.676+07:00  INFO 14156 --- [ecommerce-backend] [main] .s.d.r.c.RepositoryConfigurationDelegate : Finished Spring Data repository scanning in 58 ms. Found 6 JPA repository interfaces.
2026-04-11T16:08:51.417+07:00  INFO 14156 --- [ecommerce-backend] [main] o.s.b.w.embedded.tomcat.TomcatWebServer  : Tomcat initialized with port 8080 (http)
2026-04-11T16:08:51.430+07:00  INFO 14156 --- [ecommerce-backend] [main] o.apache.catalina.core.StandardService   : Starting service [Tomcat]
2026-04-11T16:08:51.432+07:00  INFO 14156 --- [ecommerce-backend] [main] o.apache.catalina.core.StandardEngine    : Starting Servlet engine: [Apache Tomcat/10.1.19]
2026-04-11T16:08:51.486+07:00  INFO 14156 --- [ecommerce-backend] [main] o.a.c.c.C.[Tomcat].[localhost].[/]       : Initializing Spring embedded WebApplicationContext
2026-04-11T16:08:51.491+07:00  INFO 14156 --- [ecommerce-backend] [main] w.s.c.ServletWebServerApplicationContext : Root WebApplicationContext: initialization completed in 1610 ms
2026-04-11T16:08:51.885+07:00  INFO 14156 --- [ecommerce-backend] [main] com.zaxxer.hikari.HikariDataSource       : HikariPool-1 - Starting...
2026-04-11T16:08:52.261+07:00  INFO 14156 --- [ecommerce-backend] [main] com.zaxxer.hikari.pool.HikariPool        : HikariPool-1 - Added connection ConnectionID:1 ClientConnectionId: 6fc8c309-5f7e-4a9d-b4db-1550abc29053
2026-04-11T16:08:52.266+07:00  INFO 14156 --- [ecommerce-backend] [main] com.zaxxer.hikari.HikariDataSource       : HikariPool-1 - Start completed.
2026-04-11T16:08:52.397+07:00  INFO 14156 --- [ecommerce-backend] [main] o.f.c.internal.license.VersionPrinter    : Flyway Community Edition 9.22.3 by Redgate
2026-04-11T16:08:52.397+07:00  INFO 14156 --- [ecommerce-backend] [main] o.f.c.internal.license.VersionPrinter    : See release notes here: https://rd.gt/416ObMi
2026-04-11T16:08:52.397+07:00  INFO 14156 --- [ecommerce-backend] [main] o.f.c.internal.license.VersionPrinter    : 
2026-04-11T16:08:52.423+07:00  INFO 14156 --- [ecommerce-backend] [main] org.flywaydb.core.FlywayExecutor         : Database: jdbc:sqlserver://localhost:1433;connectRetryInterval=10;connectRetryCount=1;maxResultBuffer=-1;sendTemporalDataTypesAsStringForBulkCopy=true;delayLoadingLobs=true;useFmtOnly=false;useBulkCopyForBatchInsert=false;cancelQueryTimeout=-1;sslProtocol=TLS;jaasConfigurationName=SQLJDBCDriver;statementPoolingCacheSize=0;serverPreparedStatementDiscardThreshold=10;enablePrepareOnFirstPreparedStatementCall=false;fips=false;socketTimeout=0;authentication=NotSpecified;authenticationScheme=nativeAuthentication;xopenStates=false;datetimeParameterType=datetime2;sendTimeAsDatetime=true;replication=false;trustStoreType=JKS;trustServerCertificate=true;TransparentNetworkIPResolution=true;iPAddressPreference=IPv4First;serverNameAsACE=false;sendStringParametersAsUnicode=true;selectMethod=direct;responseBuffering=adaptive;queryTimeout=-1;packetSize=8000;multiSubnetFailover=false;loginTimeout=30;lockTimeout=-1;lastUpdateCount=true;prepareMethod=prepexec;encrypt=true;disableStatementPooling=true;databaseName=OtakuECommerce;columnEncryptionSetting=Disabled;applicationName=Microsoft JDBC Driver for SQL Server;applicationIntent=readwrite; (Microsoft SQL Server 15.0)
2026-04-11T16:08:52.526+07:00  INFO 14156 --- [ecommerce-backend] [main] o.f.core.internal.command.DbValidate     : Successfully validated 3 migrations (execution time 00:00.061s)
2026-04-11T16:08:52.551+07:00  INFO 14156 --- [ecommerce-backend] [main] o.f.core.internal.command.DbMigrate      : Current version of schema [dbo]: 3
2026-04-11T16:08:52.559+07:00  INFO 14156 --- [ecommerce-backend] [main] o.f.core.internal.command.DbMigrate      : Schema [dbo] is up to date. No migration necessary.
2026-04-11T16:08:52.691+07:00  INFO 14156 --- [ecommerce-backend] [main] o.hibernate.jpa.internal.util.LogHelper  : HHH000204: Processing PersistenceUnitInfo [name: default]
2026-04-11T16:08:52.765+07:00  INFO 14156 --- [ecommerce-backend] [main] org.hibernate.Version                    : HHH000412: Hibernate ORM core version 6.4.4.Final
2026-04-11T16:08:52.808+07:00  INFO 14156 --- [ecommerce-backend] [main] o.h.c.internal.RegionFactoryInitiator    : HHH000026: Second-level cache disabled
2026-04-11T16:08:53.080+07:00  INFO 14156 --- [ecommerce-backend] [main] o.s.o.j.p.SpringPersistenceUnitInfo      : No LoadTimeWeaver setup: ignoring JPA class transformer
2026-04-11T16:08:53.124+07:00  WARN 14156 --- [ecommerce-backend] [main] org.hibernate.orm.deprecation            : HHH90000025: SQLServerDialect does not need to be specified explicitly using 'hibernate.dialect' (remove the property setting and it will be selected by default)
2026-04-11T16:08:54.113+07:00  INFO 14156 --- [ecommerce-backend] [main] o.h.e.t.j.p.i.JtaPlatformInitiator       : HHH000489: No JTA platform available (set 'hibernate.transaction.jta.platform' to enable JTA platform integration)
2026-04-11T16:08:54.686+07:00  INFO 14156 --- [ecommerce-backend] [main] j.LocalContainerEntityManagerFactoryBean : Initialized JPA EntityManagerFactory for persistence unit 'default'
2026-04-11T16:08:54.777+07:00  WARN 14156 --- [ecommerce-backend] [main] JpaBaseConfiguration$JpaWebConfiguration : spring.jpa.open-in-view is enabled by default. Therefore, database queries may be performed during view rendering. Explicitly configure spring.jpa.open-in-view to disable this warning
2026-04-11T16:08:54.823+07:00  WARN 14156 --- [ecommerce-backend] [main] .s.s.UserDetailsServiceAutoConfiguration : 

Using generated security password: a7019ce0-8dab-4a4e-9f0d-196458945bc5

This generated password is for development use only. Your security configuration must be updated before running your application in production.

2026-04-11T16:08:55.257+07:00  INFO 14156 --- [ecommerce-backend] [main] o.s.b.a.e.web.EndpointLinksResolver      : Exposing 3 endpoint(s) beneath base path '/actuator'
2026-04-11T16:08:55.334+07:00  INFO 14156 --- [ecommerce-backend] [main] o.s.s.web.DefaultSecurityFilterChain     : Will secure any request with [org.springframework.security.web.session.DisableEncodeUrlFilter@4587675c, org.springframework.security.web.context.request.async.WebAsyncManagerIntegrationFilter@31e3b882, org.springframework.security.web.context.SecurityContextHolderFilter@44a7a331, org.springframework.security.web.header.HeaderWriterFilter@cfe881a, org.springframework.web.filter.CorsFilter@2b592f17, org.springframework.security.web.authentication.logout.LogoutFilter@7a087132, org.springframework.security.web.savedrequest.RequestCacheAwareFilter@699fe19f, org.springframework.security.web.servletapi.SecurityContextHolderAwareRequestFilter@6124a7c0, org.springframework.security.web.authentication.AnonymousAuthenticationFilter@3884e858, org.springframework.security.web.session.SessionManagementFilter@7b5e1b16, org.springframework.security.web.access.ExceptionTranslationFilter@4c140b12, org.springframework.security.web.access.intercept.AuthorizationFilter@39d62e47]
2026-04-11T16:08:56.114+07:00  WARN 14156 --- [ecommerce-backend] [main] ConfigServletWebServerApplicationContext : Exception encountered during context initialization - cancelling refresh attempt: org.springframework.context.ApplicationContextException: Failed to start bean 'webServerStartStop'
2026-04-11T16:08:56.117+07:00  INFO 14156 --- [ecommerce-backend] [main] j.LocalContainerEntityManagerFactoryBean : Closing JPA EntityManagerFactory for persistence unit 'default'
2026-04-11T16:08:56.120+07:00  INFO 14156 --- [ecommerce-backend] [main] com.zaxxer.hikari.HikariDataSource       : HikariPool-1 - Shutdown initiated...
2026-04-11T16:08:56.123+07:00  INFO 14156 --- [ecommerce-backend] [main] com.zaxxer.hikari.HikariDataSource       : HikariPool-1 - Shutdown completed.
2026-04-11T16:08:56.137+07:00  INFO 14156 --- [ecommerce-backend] [main] .s.b.a.l.ConditionEvaluationReportLogger : 

Error starting ApplicationContext. To display the condition evaluation report re-run your application with 'debug' enabled.
2026-04-11T16:08:56.153+07:00 ERROR 14156 --- [ecommerce-backend] [main] o.s.b.d.LoggingFailureAnalysisReporter   : 

***************************
APPLICATION FAILED TO START
***************************

Description:

Web server failed to start. Port 8080 was already in use.

Action:

Identify and stop the process that's listening on port 8080 or configure this application to listen on another port.

2026-04-11T16:10:01.957+07:00  INFO 31404 --- [ecommerce-backend] [main] c.o.ecommerce.ECommerceOtakuApplication  : Starting ECommerceOtakuApplication using Java 21.0.7 with PID 31404 (C:\Antigravity\A2\backend\target\classes started by LEGION in C:\Antigravity\A2\backend)
2026-04-11T16:10:01.960+07:00  INFO 31404 --- [ecommerce-backend] [main] c.o.ecommerce.ECommerceOtakuApplication  : No active profile set, falling back to 1 default profile: "default"
2026-04-11T16:10:02.718+07:00  INFO 31404 --- [ecommerce-backend] [main] .s.d.r.c.RepositoryConfigurationDelegate : Bootstrapping Spring Data JPA repositories in DEFAULT mode.
2026-04-11T16:10:02.769+07:00  INFO 31404 --- [ecommerce-backend] [main] .s.d.r.c.RepositoryConfigurationDelegate : Finished Spring Data repository scanning in 45 ms. Found 6 JPA repository interfaces.
2026-04-11T16:10:03.335+07:00  INFO 31404 --- [ecommerce-backend] [main] o.s.b.w.embedded.tomcat.TomcatWebServer  : Tomcat initialized with port 8080 (http)
2026-04-11T16:10:03.345+07:00  INFO 31404 --- [ecommerce-backend] [main] o.apache.catalina.core.StandardService   : Starting service [Tomcat]
2026-04-11T16:10:03.345+07:00  INFO 31404 --- [ecommerce-backend] [main] o.apache.catalina.core.StandardEngine    : Starting Servlet engine: [Apache Tomcat/10.1.19]
2026-04-11T16:10:03.398+07:00  INFO 31404 --- [ecommerce-backend] [main] o.a.c.c.C.[Tomcat].[localhost].[/]       : Initializing Spring embedded WebApplicationContext
2026-04-11T16:10:03.399+07:00  INFO 31404 --- [ecommerce-backend] [main] w.s.c.ServletWebServerApplicationContext : Root WebApplicationContext: initialization completed in 1392 ms
2026-04-11T16:10:03.641+07:00  INFO 31404 --- [ecommerce-backend] [main] com.zaxxer.hikari.HikariDataSource       : HikariPool-1 - Starting...
2026-04-11T16:10:03.873+07:00  INFO 31404 --- [ecommerce-backend] [main] com.zaxxer.hikari.pool.HikariPool        : HikariPool-1 - Added connection ConnectionID:1 ClientConnectionId: c9b0fc30-01d5-4477-b66d-728d41130123
2026-04-11T16:10:03.873+07:00  INFO 31404 --- [ecommerce-backend] [main] com.zaxxer.hikari.HikariDataSource       : HikariPool-1 - Start completed.
2026-04-11T16:10:03.946+07:00  INFO 31404 --- [ecommerce-backend] [main] o.f.c.internal.license.VersionPrinter    : Flyway Community Edition 9.22.3 by Redgate
2026-04-11T16:10:03.948+07:00  INFO 31404 --- [ecommerce-backend] [main] o.f.c.internal.license.VersionPrinter    : See release notes here: https://rd.gt/416ObMi
2026-04-11T16:10:03.948+07:00  INFO 31404 --- [ecommerce-backend] [main] o.f.c.internal.license.VersionPrinter    : 
2026-04-11T16:10:03.960+07:00  INFO 31404 --- [ecommerce-backend] [main] org.flywaydb.core.FlywayExecutor         : Database: jdbc:sqlserver://localhost:1433;connectRetryInterval=10;connectRetryCount=1;maxResultBuffer=-1;sendTemporalDataTypesAsStringForBulkCopy=true;delayLoadingLobs=true;useFmtOnly=false;useBulkCopyForBatchInsert=false;cancelQueryTimeout=-1;sslProtocol=TLS;jaasConfigurationName=SQLJDBCDriver;statementPoolingCacheSize=0;serverPreparedStatementDiscardThreshold=10;enablePrepareOnFirstPreparedStatementCall=false;fips=false;socketTimeout=0;authentication=NotSpecified;authenticationScheme=nativeAuthentication;xopenStates=false;datetimeParameterType=datetime2;sendTimeAsDatetime=true;replication=false;trustStoreType=JKS;trustServerCertificate=true;TransparentNetworkIPResolution=true;iPAddressPreference=IPv4First;serverNameAsACE=false;sendStringParametersAsUnicode=true;selectMethod=direct;responseBuffering=adaptive;queryTimeout=-1;packetSize=8000;multiSubnetFailover=false;loginTimeout=30;lockTimeout=-1;lastUpdateCount=true;prepareMethod=prepexec;encrypt=true;disableStatementPooling=true;databaseName=OtakuECommerce;columnEncryptionSetting=Disabled;applicationName=Microsoft JDBC Driver for SQL Server;applicationIntent=readwrite; (Microsoft SQL Server 15.0)
2026-04-11T16:10:04.023+07:00  INFO 31404 --- [ecommerce-backend] [main] o.f.core.internal.command.DbValidate     : Successfully validated 3 migrations (execution time 00:00.035s)
2026-04-11T16:10:04.041+07:00  INFO 31404 --- [ecommerce-backend] [main] o.f.core.internal.command.DbMigrate      : Current version of schema [dbo]: 3
2026-04-11T16:10:04.045+07:00  INFO 31404 --- [ecommerce-backend] [main] o.f.core.internal.command.DbMigrate      : Schema [dbo] is up to date. No migration necessary.
2026-04-11T16:10:04.139+07:00  INFO 31404 --- [ecommerce-backend] [main] o.hibernate.jpa.internal.util.LogHelper  : HHH000204: Processing PersistenceUnitInfo [name: default]
2026-04-11T16:10:04.184+07:00  INFO 31404 --- [ecommerce-backend] [main] org.hibernate.Version                    : HHH000412: Hibernate ORM core version 6.4.4.Final
2026-04-11T16:10:04.208+07:00  INFO 31404 --- [ecommerce-backend] [main] o.h.c.internal.RegionFactoryInitiator    : HHH000026: Second-level cache disabled
2026-04-11T16:10:04.357+07:00  INFO 31404 --- [ecommerce-backend] [main] o.s.o.j.p.SpringPersistenceUnitInfo      : No LoadTimeWeaver setup: ignoring JPA class transformer
2026-04-11T16:10:04.388+07:00  WARN 31404 --- [ecommerce-backend] [main] org.hibernate.orm.deprecation            : HHH90000025: SQLServerDialect does not need to be specified explicitly using 'hibernate.dialect' (remove the property setting and it will be selected by default)
2026-04-11T16:10:05.006+07:00  INFO 31404 --- [ecommerce-backend] [main] o.h.e.t.j.p.i.JtaPlatformInitiator       : HHH000489: No JTA platform available (set 'hibernate.transaction.jta.platform' to enable JTA platform integration)
2026-04-11T16:10:05.145+07:00  INFO 31404 --- [ecommerce-backend] [main] j.LocalContainerEntityManagerFactoryBean : Initialized JPA EntityManagerFactory for persistence unit 'default'
2026-04-11T16:10:05.207+07:00  WARN 31404 --- [ecommerce-backend] [main] JpaBaseConfiguration$JpaWebConfiguration : spring.jpa.open-in-view is enabled by default. Therefore, database queries may be performed during view rendering. Explicitly configure spring.jpa.open-in-view to disable this warning
2026-04-11T16:10:05.245+07:00  WARN 31404 --- [ecommerce-backend] [main] .s.s.UserDetailsServiceAutoConfiguration : 

Using generated security password: 7402a9ae-08e4-47e7-af65-b27952bfdf43

This generated password is for development use only. Your security configuration must be updated before running your application in production.

2026-04-11T16:10:05.501+07:00  INFO 31404 --- [ecommerce-backend] [main] o.s.b.a.e.web.EndpointLinksResolver      : Exposing 3 endpoint(s) beneath base path '/actuator'
2026-04-11T16:10:05.555+07:00  INFO 31404 --- [ecommerce-backend] [main] o.s.s.web.DefaultSecurityFilterChain     : Will secure any request with [org.springframework.security.web.session.DisableEncodeUrlFilter@31d51518, org.springframework.security.web.context.request.async.WebAsyncManagerIntegrationFilter@509bf2d5, org.springframework.security.web.context.SecurityContextHolderFilter@324afa73, org.springframework.security.web.header.HeaderWriterFilter@44a7a331, org.springframework.web.filter.CorsFilter@68823b6b, org.springframework.security.web.authentication.logout.LogoutFilter@4d2bcca8, org.springframework.security.web.savedrequest.RequestCacheAwareFilter@31b827a6, org.springframework.security.web.servletapi.SecurityContextHolderAwareRequestFilter@52bcd7c9, org.springframework.security.web.authentication.AnonymousAuthenticationFilter@4b4b02d, org.springframework.security.web.session.SessionManagementFilter@2387e60b, org.springframework.security.web.access.ExceptionTranslationFilter@543b855, org.springframework.security.web.access.intercept.AuthorizationFilter@cc4a0dd]
2026-04-11T16:10:06.121+07:00  WARN 31404 --- [ecommerce-backend] [main] ConfigServletWebServerApplicationContext : Exception encountered during context initialization - cancelling refresh attempt: org.springframework.context.ApplicationContextException: Failed to start bean 'webServerStartStop'
2026-04-11T16:10:06.123+07:00  INFO 31404 --- [ecommerce-backend] [main] j.LocalContainerEntityManagerFactoryBean : Closing JPA EntityManagerFactory for persistence unit 'default'
2026-04-11T16:10:06.125+07:00  INFO 31404 --- [ecommerce-backend] [main] com.zaxxer.hikari.HikariDataSource       : HikariPool-1 - Shutdown initiated...
2026-04-11T16:10:06.126+07:00  INFO 31404 --- [ecommerce-backend] [main] com.zaxxer.hikari.HikariDataSource       : HikariPool-1 - Shutdown completed.
2026-04-11T16:10:06.142+07:00  INFO 31404 --- [ecommerce-backend] [main] .s.b.a.l.ConditionEvaluationReportLogger : 

Error starting ApplicationContext. To display the condition evaluation report re-run your application with 'debug' enabled.
2026-04-11T16:10:06.157+07:00 ERROR 31404 --- [ecommerce-backend] [main] o.s.b.d.LoggingFailureAnalysisReporter   : 

***************************
APPLICATION FAILED TO START
***************************

Description:

Web server failed to start. Port 8080 was already in use.

Action:

Identify and stop the process that's listening on port 8080 or configure this application to listen on another port.

2026-04-11T16:10:32.630+07:00  INFO 28984 --- [ecommerce-backend] [main] c.o.ecommerce.ECommerceOtakuApplication  : Starting ECommerceOtakuApplication using Java 21.0.7 with PID 28984 (C:\Antigravity\A2\backend\target\classes started by LEGION in C:\Antigravity\A2\backend)
2026-04-11T16:10:32.631+07:00  INFO 28984 --- [ecommerce-backend] [main] c.o.ecommerce.ECommerceOtakuApplication  : No active profile set, falling back to 1 default profile: "default"
2026-04-11T16:10:33.387+07:00  INFO 28984 --- [ecommerce-backend] [main] .s.d.r.c.RepositoryConfigurationDelegate : Bootstrapping Spring Data JPA repositories in DEFAULT mode.
2026-04-11T16:10:33.435+07:00  INFO 28984 --- [ecommerce-backend] [main] .s.d.r.c.RepositoryConfigurationDelegate : Finished Spring Data repository scanning in 42 ms. Found 6 JPA repository interfaces.
2026-04-11T16:10:33.991+07:00  INFO 28984 --- [ecommerce-backend] [main] o.s.b.w.embedded.tomcat.TomcatWebServer  : Tomcat initialized with port 8080 (http)
2026-04-11T16:10:33.999+07:00  INFO 28984 --- [ecommerce-backend] [main] o.apache.catalina.core.StandardService   : Starting service [Tomcat]
2026-04-11T16:10:33.999+07:00  INFO 28984 --- [ecommerce-backend] [main] o.apache.catalina.core.StandardEngine    : Starting Servlet engine: [Apache Tomcat/10.1.19]
2026-04-11T16:10:34.044+07:00  INFO 28984 --- [ecommerce-backend] [main] o.a.c.c.C.[Tomcat].[localhost].[/]       : Initializing Spring embedded WebApplicationContext
2026-04-11T16:10:34.051+07:00  INFO 28984 --- [ecommerce-backend] [main] w.s.c.ServletWebServerApplicationContext : Root WebApplicationContext: initialization completed in 1360 ms
2026-04-11T16:10:34.266+07:00  INFO 28984 --- [ecommerce-backend] [main] com.zaxxer.hikari.HikariDataSource       : HikariPool-1 - Starting...
2026-04-11T16:10:34.501+07:00  INFO 28984 --- [ecommerce-backend] [main] com.zaxxer.hikari.pool.HikariPool        : HikariPool-1 - Added connection ConnectionID:1 ClientConnectionId: 70f0141d-178a-475d-aecf-486366f13cae
2026-04-11T16:10:34.502+07:00  INFO 28984 --- [ecommerce-backend] [main] com.zaxxer.hikari.HikariDataSource       : HikariPool-1 - Start completed.
2026-04-11T16:10:34.576+07:00  INFO 28984 --- [ecommerce-backend] [main] o.f.c.internal.license.VersionPrinter    : Flyway Community Edition 9.22.3 by Redgate
2026-04-11T16:10:34.576+07:00  INFO 28984 --- [ecommerce-backend] [main] o.f.c.internal.license.VersionPrinter    : See release notes here: https://rd.gt/416ObMi
2026-04-11T16:10:34.576+07:00  INFO 28984 --- [ecommerce-backend] [main] o.f.c.internal.license.VersionPrinter    : 
2026-04-11T16:10:34.587+07:00  INFO 28984 --- [ecommerce-backend] [main] org.flywaydb.core.FlywayExecutor         : Database: jdbc:sqlserver://localhost:1433;connectRetryInterval=10;connectRetryCount=1;maxResultBuffer=-1;sendTemporalDataTypesAsStringForBulkCopy=true;delayLoadingLobs=true;useFmtOnly=false;useBulkCopyForBatchInsert=false;cancelQueryTimeout=-1;sslProtocol=TLS;jaasConfigurationName=SQLJDBCDriver;statementPoolingCacheSize=0;serverPreparedStatementDiscardThreshold=10;enablePrepareOnFirstPreparedStatementCall=false;fips=false;socketTimeout=0;authentication=NotSpecified;authenticationScheme=nativeAuthentication;xopenStates=false;datetimeParameterType=datetime2;sendTimeAsDatetime=true;replication=false;trustStoreType=JKS;trustServerCertificate=true;TransparentNetworkIPResolution=true;iPAddressPreference=IPv4First;serverNameAsACE=false;sendStringParametersAsUnicode=true;selectMethod=direct;responseBuffering=adaptive;queryTimeout=-1;packetSize=8000;multiSubnetFailover=false;loginTimeout=30;lockTimeout=-1;lastUpdateCount=true;prepareMethod=prepexec;encrypt=true;disableStatementPooling=true;databaseName=OtakuECommerce;columnEncryptionSetting=Disabled;applicationName=Microsoft JDBC Driver for SQL Server;applicationIntent=readwrite; (Microsoft SQL Server 15.0)
2026-04-11T16:10:34.635+07:00  INFO 28984 --- [ecommerce-backend] [main] o.f.core.internal.command.DbValidate     : Successfully validated 3 migrations (execution time 00:00.027s)
2026-04-11T16:10:34.647+07:00  INFO 28984 --- [ecommerce-backend] [main] o.f.core.internal.command.DbMigrate      : Current version of schema [dbo]: 3
2026-04-11T16:10:34.652+07:00  INFO 28984 --- [ecommerce-backend] [main] o.f.core.internal.command.DbMigrate      : Schema [dbo] is up to date. No migration necessary.
2026-04-11T16:10:34.744+07:00  INFO 28984 --- [ecommerce-backend] [main] o.hibernate.jpa.internal.util.LogHelper  : HHH000204: Processing PersistenceUnitInfo [name: default]
2026-04-11T16:10:34.793+07:00  INFO 28984 --- [ecommerce-backend] [main] org.hibernate.Version                    : HHH000412: Hibernate ORM core version 6.4.4.Final
2026-04-11T16:10:34.823+07:00  INFO 28984 --- [ecommerce-backend] [main] o.h.c.internal.RegionFactoryInitiator    : HHH000026: Second-level cache disabled
2026-04-11T16:10:34.981+07:00  INFO 28984 --- [ecommerce-backend] [main] o.s.o.j.p.SpringPersistenceUnitInfo      : No LoadTimeWeaver setup: ignoring JPA class transformer
2026-04-11T16:10:35.016+07:00  WARN 28984 --- [ecommerce-backend] [main] org.hibernate.orm.deprecation            : HHH90000025: SQLServerDialect does not need to be specified explicitly using 'hibernate.dialect' (remove the property setting and it will be selected by default)
2026-04-11T16:10:35.708+07:00  INFO 28984 --- [ecommerce-backend] [main] o.h.e.t.j.p.i.JtaPlatformInitiator       : HHH000489: No JTA platform available (set 'hibernate.transaction.jta.platform' to enable JTA platform integration)
2026-04-11T16:10:35.770+07:00  INFO 28984 --- [ecommerce-backend] [main] j.LocalContainerEntityManagerFactoryBean : Initialized JPA EntityManagerFactory for persistence unit 'default'
2026-04-11T16:10:35.829+07:00  WARN 28984 --- [ecommerce-backend] [main] JpaBaseConfiguration$JpaWebConfiguration : spring.jpa.open-in-view is enabled by default. Therefore, database queries may be performed during view rendering. Explicitly configure spring.jpa.open-in-view to disable this warning
2026-04-11T16:10:35.866+07:00  WARN 28984 --- [ecommerce-backend] [main] .s.s.UserDetailsServiceAutoConfiguration : 

Using generated security password: 92bc1503-8fd4-4797-b17d-51b02fe2ea76

This generated password is for development use only. Your security configuration must be updated before running your application in production.

2026-04-11T16:10:36.145+07:00  INFO 28984 --- [ecommerce-backend] [main] o.s.b.a.e.web.EndpointLinksResolver      : Exposing 3 endpoint(s) beneath base path '/actuator'
2026-04-11T16:10:36.191+07:00  INFO 28984 --- [ecommerce-backend] [main] o.s.s.web.DefaultSecurityFilterChain     : Will secure any request with [org.springframework.security.web.session.DisableEncodeUrlFilter@2b26d289, org.springframework.security.web.context.request.async.WebAsyncManagerIntegrationFilter@7f680a9a, org.springframework.security.web.context.SecurityContextHolderFilter@4a4979bf, org.springframework.security.web.header.HeaderWriterFilter@1cd4082a, org.springframework.web.filter.CorsFilter@3a33d655, org.springframework.security.web.authentication.logout.LogoutFilter@6b0636d9, org.springframework.security.web.savedrequest.RequestCacheAwareFilter@5687e92d, org.springframework.security.web.servletapi.SecurityContextHolderAwareRequestFilter@6c65a7fc, org.springframework.security.web.authentication.AnonymousAuthenticationFilter@526a1b51, org.springframework.security.web.session.SessionManagementFilter@59456e1, org.springframework.security.web.access.ExceptionTranslationFilter@3c5d183, org.springframework.security.web.access.intercept.AuthorizationFilter@560e1459]
2026-04-11T16:10:36.832+07:00  WARN 28984 --- [ecommerce-backend] [main] ConfigServletWebServerApplicationContext : Exception encountered during context initialization - cancelling refresh attempt: org.springframework.context.ApplicationContextException: Failed to start bean 'webServerStartStop'
2026-04-11T16:10:36.835+07:00  INFO 28984 --- [ecommerce-backend] [main] j.LocalContainerEntityManagerFactoryBean : Closing JPA EntityManagerFactory for persistence unit 'default'
2026-04-11T16:10:36.835+07:00  INFO 28984 --- [ecommerce-backend] [main] com.zaxxer.hikari.HikariDataSource       : HikariPool-1 - Shutdown initiated...
2026-04-11T16:10:36.841+07:00  INFO 28984 --- [ecommerce-backend] [main] com.zaxxer.hikari.HikariDataSource       : HikariPool-1 - Shutdown completed.
2026-04-11T16:10:36.861+07:00  INFO 28984 --- [ecommerce-backend] [main] .s.b.a.l.ConditionEvaluationReportLogger : 

Error starting ApplicationContext. To display the condition evaluation report re-run your application with 'debug' enabled.
2026-04-11T16:10:36.881+07:00 ERROR 28984 --- [ecommerce-backend] [main] o.s.b.d.LoggingFailureAnalysisReporter   : 

***************************
APPLICATION FAILED TO START
***************************

Description:

Web server failed to start. Port 8080 was already in use.

Action:

Identify and stop the process that's listening on port 8080 or configure this application to listen on another port.

2026-04-11T16:11:08.166+07:00  INFO 13452 --- [ecommerce-backend] [main] c.o.ecommerce.ECommerceOtakuApplication  : Starting ECommerceOtakuApplication using Java 21.0.7 with PID 13452 (C:\Antigravity\A2\backend\target\classes started by LEGION in C:\Antigravity\A2\backend)
2026-04-11T16:11:08.168+07:00  INFO 13452 --- [ecommerce-backend] [main] c.o.ecommerce.ECommerceOtakuApplication  : No active profile set, falling back to 1 default profile: "default"
2026-04-11T16:11:08.967+07:00  INFO 13452 --- [ecommerce-backend] [main] .s.d.r.c.RepositoryConfigurationDelegate : Bootstrapping Spring Data JPA repositories in DEFAULT mode.
2026-04-11T16:11:09.011+07:00  INFO 13452 --- [ecommerce-backend] [main] .s.d.r.c.RepositoryConfigurationDelegate : Finished Spring Data repository scanning in 41 ms. Found 6 JPA repository interfaces.
2026-04-11T16:11:09.623+07:00  INFO 13452 --- [ecommerce-backend] [main] o.s.b.w.embedded.tomcat.TomcatWebServer  : Tomcat initialized with port 8080 (http)
2026-04-11T16:11:09.635+07:00  INFO 13452 --- [ecommerce-backend] [main] o.apache.catalina.core.StandardService   : Starting service [Tomcat]
2026-04-11T16:11:09.635+07:00  INFO 13452 --- [ecommerce-backend] [main] o.apache.catalina.core.StandardEngine    : Starting Servlet engine: [Apache Tomcat/10.1.19]
2026-04-11T16:11:09.681+07:00  INFO 13452 --- [ecommerce-backend] [main] o.a.c.c.C.[Tomcat].[localhost].[/]       : Initializing Spring embedded WebApplicationContext
2026-04-11T16:11:09.683+07:00  INFO 13452 --- [ecommerce-backend] [main] w.s.c.ServletWebServerApplicationContext : Root WebApplicationContext: initialization completed in 1458 ms
2026-04-11T16:11:09.895+07:00  INFO 13452 --- [ecommerce-backend] [main] com.zaxxer.hikari.HikariDataSource       : HikariPool-1 - Starting...
2026-04-11T16:11:10.123+07:00  INFO 13452 --- [ecommerce-backend] [main] com.zaxxer.hikari.pool.HikariPool        : HikariPool-1 - Added connection ConnectionID:1 ClientConnectionId: 5217cc4b-0275-4d33-9f51-3187ce21abe0
2026-04-11T16:11:10.125+07:00  INFO 13452 --- [ecommerce-backend] [main] com.zaxxer.hikari.HikariDataSource       : HikariPool-1 - Start completed.
2026-04-11T16:11:10.191+07:00  INFO 13452 --- [ecommerce-backend] [main] o.f.c.internal.license.VersionPrinter    : Flyway Community Edition 9.22.3 by Redgate
2026-04-11T16:11:10.191+07:00  INFO 13452 --- [ecommerce-backend] [main] o.f.c.internal.license.VersionPrinter    : See release notes here: https://rd.gt/416ObMi
2026-04-11T16:11:10.191+07:00  INFO 13452 --- [ecommerce-backend] [main] o.f.c.internal.license.VersionPrinter    : 
2026-04-11T16:11:10.205+07:00  INFO 13452 --- [ecommerce-backend] [main] org.flywaydb.core.FlywayExecutor         : Database: jdbc:sqlserver://localhost:1433;connectRetryInterval=10;connectRetryCount=1;maxResultBuffer=-1;sendTemporalDataTypesAsStringForBulkCopy=true;delayLoadingLobs=true;useFmtOnly=false;useBulkCopyForBatchInsert=false;cancelQueryTimeout=-1;sslProtocol=TLS;jaasConfigurationName=SQLJDBCDriver;statementPoolingCacheSize=0;serverPreparedStatementDiscardThreshold=10;enablePrepareOnFirstPreparedStatementCall=false;fips=false;socketTimeout=0;authentication=NotSpecified;authenticationScheme=nativeAuthentication;xopenStates=false;datetimeParameterType=datetime2;sendTimeAsDatetime=true;replication=false;trustStoreType=JKS;trustServerCertificate=true;TransparentNetworkIPResolution=true;iPAddressPreference=IPv4First;serverNameAsACE=false;sendStringParametersAsUnicode=true;selectMethod=direct;responseBuffering=adaptive;queryTimeout=-1;packetSize=8000;multiSubnetFailover=false;loginTimeout=30;lockTimeout=-1;lastUpdateCount=true;prepareMethod=prepexec;encrypt=true;disableStatementPooling=true;databaseName=OtakuECommerce;columnEncryptionSetting=Disabled;applicationName=Microsoft JDBC Driver for SQL Server;applicationIntent=readwrite; (Microsoft SQL Server 15.0)
2026-04-11T16:11:10.265+07:00  INFO 13452 --- [ecommerce-backend] [main] o.f.core.internal.command.DbValidate     : Successfully validated 3 migrations (execution time 00:00.034s)
2026-04-11T16:11:10.281+07:00  INFO 13452 --- [ecommerce-backend] [main] o.f.core.internal.command.DbMigrate      : Current version of schema [dbo]: 3
2026-04-11T16:11:10.289+07:00  INFO 13452 --- [ecommerce-backend] [main] o.f.core.internal.command.DbMigrate      : Schema [dbo] is up to date. No migration necessary.
2026-04-11T16:11:10.373+07:00  INFO 13452 --- [ecommerce-backend] [main] o.hibernate.jpa.internal.util.LogHelper  : HHH000204: Processing PersistenceUnitInfo [name: default]
2026-04-11T16:11:10.415+07:00  INFO 13452 --- [ecommerce-backend] [main] org.hibernate.Version                    : HHH000412: Hibernate ORM core version 6.4.4.Final
2026-04-11T16:11:10.447+07:00  INFO 13452 --- [ecommerce-backend] [main] o.h.c.internal.RegionFactoryInitiator    : HHH000026: Second-level cache disabled
2026-04-11T16:11:10.593+07:00  INFO 13452 --- [ecommerce-backend] [main] o.s.o.j.p.SpringPersistenceUnitInfo      : No LoadTimeWeaver setup: ignoring JPA class transformer
2026-04-11T16:11:10.623+07:00  WARN 13452 --- [ecommerce-backend] [main] org.hibernate.orm.deprecation            : HHH90000025: SQLServerDialect does not need to be specified explicitly using 'hibernate.dialect' (remove the property setting and it will be selected by default)
2026-04-11T16:11:11.251+07:00  INFO 13452 --- [ecommerce-backend] [main] o.h.e.t.j.p.i.JtaPlatformInitiator       : HHH000489: No JTA platform available (set 'hibernate.transaction.jta.platform' to enable JTA platform integration)
2026-04-11T16:11:11.385+07:00  INFO 13452 --- [ecommerce-backend] [main] j.LocalContainerEntityManagerFactoryBean : Initialized JPA EntityManagerFactory for persistence unit 'default'
2026-04-11T16:11:11.441+07:00  WARN 13452 --- [ecommerce-backend] [main] JpaBaseConfiguration$JpaWebConfiguration : spring.jpa.open-in-view is enabled by default. Therefore, database queries may be performed during view rendering. Explicitly configure spring.jpa.open-in-view to disable this warning
2026-04-11T16:11:11.483+07:00  WARN 13452 --- [ecommerce-backend] [main] .s.s.UserDetailsServiceAutoConfiguration : 

Using generated security password: a420df60-78ad-4d9e-94f2-a5992bed048c

This generated password is for development use only. Your security configuration must be updated before running your application in production.

2026-04-11T16:11:11.810+07:00  INFO 13452 --- [ecommerce-backend] [main] o.s.b.a.e.web.EndpointLinksResolver      : Exposing 3 endpoint(s) beneath base path '/actuator'
2026-04-11T16:11:11.873+07:00  INFO 13452 --- [ecommerce-backend] [main] o.s.s.web.DefaultSecurityFilterChain     : Will secure any request with [org.springframework.security.web.session.DisableEncodeUrlFilter@2b26d289, org.springframework.security.web.context.request.async.WebAsyncManagerIntegrationFilter@7f680a9a, org.springframework.security.web.context.SecurityContextHolderFilter@4a4979bf, org.springframework.security.web.header.HeaderWriterFilter@1cd4082a, org.springframework.web.filter.CorsFilter@3a33d655, org.springframework.security.web.authentication.logout.LogoutFilter@6b0636d9, org.springframework.security.web.savedrequest.RequestCacheAwareFilter@5687e92d, org.springframework.security.web.servletapi.SecurityContextHolderAwareRequestFilter@6c65a7fc, org.springframework.security.web.authentication.AnonymousAuthenticationFilter@526a1b51, org.springframework.security.web.session.SessionManagementFilter@59456e1, org.springframework.security.web.access.ExceptionTranslationFilter@3c5d183, org.springframework.security.web.access.intercept.AuthorizationFilter@560e1459]
2026-04-11T16:11:12.423+07:00  WARN 13452 --- [ecommerce-backend] [main] ConfigServletWebServerApplicationContext : Exception encountered during context initialization - cancelling refresh attempt: org.springframework.context.ApplicationContextException: Failed to start bean 'webServerStartStop'
2026-04-11T16:11:12.423+07:00  INFO 13452 --- [ecommerce-backend] [main] j.LocalContainerEntityManagerFactoryBean : Closing JPA EntityManagerFactory for persistence unit 'default'
2026-04-11T16:11:12.423+07:00  INFO 13452 --- [ecommerce-backend] [main] com.zaxxer.hikari.HikariDataSource       : HikariPool-1 - Shutdown initiated...
2026-04-11T16:11:12.431+07:00  INFO 13452 --- [ecommerce-backend] [main] com.zaxxer.hikari.HikariDataSource       : HikariPool-1 - Shutdown completed.
2026-04-11T16:11:12.441+07:00  INFO 13452 --- [ecommerce-backend] [main] .s.b.a.l.ConditionEvaluationReportLogger : 

Error starting ApplicationContext. To display the condition evaluation report re-run your application with 'debug' enabled.
2026-04-11T16:11:12.461+07:00 ERROR 13452 --- [ecommerce-backend] [main] o.s.b.d.LoggingFailureAnalysisReporter   : 

***************************
APPLICATION FAILED TO START
***************************

Description:

Web server failed to start. Port 8080 was already in use.

Action:

Identify and stop the process that's listening on port 8080 or configure this application to listen on another port.

2026-04-11T16:15:34.001+07:00  INFO 2492 --- [ecommerce-backend] [main] c.o.ecommerce.ECommerceOtakuApplication  : Starting ECommerceOtakuApplication using Java 21.0.7 with PID 2492 (C:\Antigravity\A2\backend\target\classes started by LEGION in C:\Antigravity\A2\backend)
2026-04-11T16:15:34.004+07:00  INFO 2492 --- [ecommerce-backend] [main] c.o.ecommerce.ECommerceOtakuApplication  : No active profile set, falling back to 1 default profile: "default"
2026-04-11T16:15:34.761+07:00  INFO 2492 --- [ecommerce-backend] [main] .s.d.r.c.RepositoryConfigurationDelegate : Bootstrapping Spring Data JPA repositories in DEFAULT mode.
2026-04-11T16:15:34.804+07:00  INFO 2492 --- [ecommerce-backend] [main] .s.d.r.c.RepositoryConfigurationDelegate : Finished Spring Data repository scanning in 38 ms. Found 6 JPA repository interfaces.
2026-04-11T16:15:35.365+07:00  INFO 2492 --- [ecommerce-backend] [main] o.s.b.w.embedded.tomcat.TomcatWebServer  : Tomcat initialized with port 8321 (http)
2026-04-11T16:15:35.373+07:00  INFO 2492 --- [ecommerce-backend] [main] o.apache.catalina.core.StandardService   : Starting service [Tomcat]
2026-04-11T16:15:35.373+07:00  INFO 2492 --- [ecommerce-backend] [main] o.apache.catalina.core.StandardEngine    : Starting Servlet engine: [Apache Tomcat/10.1.19]
2026-04-11T16:15:35.416+07:00  INFO 2492 --- [ecommerce-backend] [main] o.a.c.c.C.[Tomcat].[localhost].[/]       : Initializing Spring embedded WebApplicationContext
2026-04-11T16:15:35.418+07:00  INFO 2492 --- [ecommerce-backend] [main] w.s.c.ServletWebServerApplicationContext : Root WebApplicationContext: initialization completed in 1364 ms
2026-04-11T16:15:35.657+07:00  INFO 2492 --- [ecommerce-backend] [main] com.zaxxer.hikari.HikariDataSource       : HikariPool-1 - Starting...
2026-04-11T16:15:35.901+07:00  INFO 2492 --- [ecommerce-backend] [main] com.zaxxer.hikari.pool.HikariPool        : HikariPool-1 - Added connection ConnectionID:1 ClientConnectionId: a9e8d842-3d33-4c8c-a375-b0d7e6b153c3
2026-04-11T16:15:35.905+07:00  INFO 2492 --- [ecommerce-backend] [main] com.zaxxer.hikari.HikariDataSource       : HikariPool-1 - Start completed.
2026-04-11T16:15:35.974+07:00  INFO 2492 --- [ecommerce-backend] [main] o.f.c.internal.license.VersionPrinter    : Flyway Community Edition 9.22.3 by Redgate
2026-04-11T16:15:35.974+07:00  INFO 2492 --- [ecommerce-backend] [main] o.f.c.internal.license.VersionPrinter    : See release notes here: https://rd.gt/416ObMi
2026-04-11T16:15:35.974+07:00  INFO 2492 --- [ecommerce-backend] [main] o.f.c.internal.license.VersionPrinter    : 
2026-04-11T16:15:35.988+07:00  INFO 2492 --- [ecommerce-backend] [main] org.flywaydb.core.FlywayExecutor         : Database: jdbc:sqlserver://localhost:1433;connectRetryInterval=10;connectRetryCount=1;maxResultBuffer=-1;sendTemporalDataTypesAsStringForBulkCopy=true;delayLoadingLobs=true;useFmtOnly=false;useBulkCopyForBatchInsert=false;cancelQueryTimeout=-1;sslProtocol=TLS;jaasConfigurationName=SQLJDBCDriver;statementPoolingCacheSize=0;serverPreparedStatementDiscardThreshold=10;enablePrepareOnFirstPreparedStatementCall=false;fips=false;socketTimeout=0;authentication=NotSpecified;authenticationScheme=nativeAuthentication;xopenStates=false;datetimeParameterType=datetime2;sendTimeAsDatetime=true;replication=false;trustStoreType=JKS;trustServerCertificate=true;TransparentNetworkIPResolution=true;iPAddressPreference=IPv4First;serverNameAsACE=false;sendStringParametersAsUnicode=true;selectMethod=direct;responseBuffering=adaptive;queryTimeout=-1;packetSize=8000;multiSubnetFailover=false;loginTimeout=30;lockTimeout=-1;lastUpdateCount=true;prepareMethod=prepexec;encrypt=true;disableStatementPooling=true;databaseName=OtakuECommerce;columnEncryptionSetting=Disabled;applicationName=Microsoft JDBC Driver for SQL Server;applicationIntent=readwrite; (Microsoft SQL Server 15.0)
2026-04-11T16:15:36.046+07:00  INFO 2492 --- [ecommerce-backend] [main] o.f.core.internal.command.DbValidate     : Successfully validated 3 migrations (execution time 00:00.039s)
2026-04-11T16:15:36.066+07:00  INFO 2492 --- [ecommerce-backend] [main] o.f.core.internal.command.DbMigrate      : Current version of schema [dbo]: 3
2026-04-11T16:15:36.075+07:00  INFO 2492 --- [ecommerce-backend] [main] o.f.core.internal.command.DbMigrate      : Schema [dbo] is up to date. No migration necessary.
2026-04-11T16:15:36.171+07:00  INFO 2492 --- [ecommerce-backend] [main] o.hibernate.jpa.internal.util.LogHelper  : HHH000204: Processing PersistenceUnitInfo [name: default]
2026-04-11T16:15:36.214+07:00  INFO 2492 --- [ecommerce-backend] [main] org.hibernate.Version                    : HHH000412: Hibernate ORM core version 6.4.4.Final
2026-04-11T16:15:36.235+07:00  INFO 2492 --- [ecommerce-backend] [main] o.h.c.internal.RegionFactoryInitiator    : HHH000026: Second-level cache disabled
2026-04-11T16:15:36.392+07:00  INFO 2492 --- [ecommerce-backend] [main] o.s.o.j.p.SpringPersistenceUnitInfo      : No LoadTimeWeaver setup: ignoring JPA class transformer
2026-04-11T16:15:36.419+07:00  WARN 2492 --- [ecommerce-backend] [main] org.hibernate.orm.deprecation            : HHH90000025: SQLServerDialect does not need to be specified explicitly using 'hibernate.dialect' (remove the property setting and it will be selected by default)
2026-04-11T16:15:37.091+07:00  INFO 2492 --- [ecommerce-backend] [main] o.h.e.t.j.p.i.JtaPlatformInitiator       : HHH000489: No JTA platform available (set 'hibernate.transaction.jta.platform' to enable JTA platform integration)
2026-04-11T16:15:37.295+07:00  INFO 2492 --- [ecommerce-backend] [main] j.LocalContainerEntityManagerFactoryBean : Initialized JPA EntityManagerFactory for persistence unit 'default'
2026-04-11T16:15:37.372+07:00  WARN 2492 --- [ecommerce-backend] [main] JpaBaseConfiguration$JpaWebConfiguration : spring.jpa.open-in-view is enabled by default. Therefore, database queries may be performed during view rendering. Explicitly configure spring.jpa.open-in-view to disable this warning
2026-04-11T16:15:37.427+07:00  WARN 2492 --- [ecommerce-backend] [main] .s.s.UserDetailsServiceAutoConfiguration : 

Using generated security password: ab940570-b88f-4426-ba1b-20a0309094fd

This generated password is for development use only. Your security configuration must be updated before running your application in production.

2026-04-11T16:15:37.751+07:00  INFO 2492 --- [ecommerce-backend] [main] o.s.b.a.e.web.EndpointLinksResolver      : Exposing 3 endpoint(s) beneath base path '/actuator'
2026-04-11T16:15:37.810+07:00  INFO 2492 --- [ecommerce-backend] [main] o.s.s.web.DefaultSecurityFilterChain     : Will secure any request with [org.springframework.security.web.session.DisableEncodeUrlFilter@7a14d8a4, org.springframework.security.web.context.request.async.WebAsyncManagerIntegrationFilter@20673498, org.springframework.security.web.context.SecurityContextHolderFilter@78c34153, org.springframework.security.web.header.HeaderWriterFilter@759862a2, org.springframework.web.filter.CorsFilter@7a8d6eb3, org.springframework.security.web.authentication.logout.LogoutFilter@46c28400, org.springframework.security.web.savedrequest.RequestCacheAwareFilter@41acf2f1, org.springframework.security.web.servletapi.SecurityContextHolderAwareRequestFilter@14d7a962, org.springframework.security.web.authentication.AnonymousAuthenticationFilter@50c99398, org.springframework.security.web.session.SessionManagementFilter@25df95b, org.springframework.security.web.access.ExceptionTranslationFilter@74ea1cd0, org.springframework.security.web.access.intercept.AuthorizationFilter@2926144f]
2026-04-11T16:15:38.441+07:00  INFO 2492 --- [ecommerce-backend] [main] o.s.b.w.embedded.tomcat.TomcatWebServer  : Tomcat started on port 8321 (http) with context path ''
2026-04-11T16:15:38.459+07:00  INFO 2492 --- [ecommerce-backend] [main] c.o.ecommerce.ECommerceOtakuApplication  : Started ECommerceOtakuApplication in 4.993 seconds (process running for 5.308)
2026-04-11T16:15:52.473+07:00  INFO 2492 --- [ecommerce-backend] [http-nio-8321-exec-1] o.a.c.c.C.[Tomcat].[localhost].[/]       : Initializing Spring DispatcherServlet 'dispatcherServlet'
2026-04-11T16:15:52.475+07:00  INFO 2492 --- [ecommerce-backend] [http-nio-8321-exec-1] o.s.web.servlet.DispatcherServlet        : Initializing Servlet 'dispatcherServlet'
2026-04-11T16:15:52.477+07:00  INFO 2492 --- [ecommerce-backend] [http-nio-8321-exec-1] o.s.web.servlet.DispatcherServlet        : Completed initialization in 2 ms
2026-04-11T16:20:56.368+07:00  INFO 27692 --- [ecommerce-backend] [main] c.o.ecommerce.ECommerceOtakuApplication  : Starting ECommerceOtakuApplication using Java 21.0.7 with PID 27692 (C:\Antigravity\A2\backend\target\classes started by LEGION in C:\Antigravity\A2\backend)
2026-04-11T16:20:56.368+07:00  INFO 27692 --- [ecommerce-backend] [main] c.o.ecommerce.ECommerceOtakuApplication  : No active profile set, falling back to 1 default profile: "default"
2026-04-11T16:20:57.155+07:00  INFO 27692 --- [ecommerce-backend] [main] .s.d.r.c.RepositoryConfigurationDelegate : Bootstrapping Spring Data JPA repositories in DEFAULT mode.
2026-04-11T16:20:57.210+07:00  INFO 27692 --- [ecommerce-backend] [main] .s.d.r.c.RepositoryConfigurationDelegate : Finished Spring Data repository scanning in 49 ms. Found 6 JPA repository interfaces.
2026-04-11T16:20:57.923+07:00  INFO 27692 --- [ecommerce-backend] [main] o.s.b.w.embedded.tomcat.TomcatWebServer  : Tomcat initialized with port 8321 (http)
2026-04-11T16:20:57.934+07:00  INFO 27692 --- [ecommerce-backend] [main] o.apache.catalina.core.StandardService   : Starting service [Tomcat]
2026-04-11T16:20:57.934+07:00  INFO 27692 --- [ecommerce-backend] [main] o.apache.catalina.core.StandardEngine    : Starting Servlet engine: [Apache Tomcat/10.1.19]
2026-04-11T16:20:57.989+07:00  INFO 27692 --- [ecommerce-backend] [main] o.a.c.c.C.[Tomcat].[localhost].[/]       : Initializing Spring embedded WebApplicationContext
2026-04-11T16:20:57.991+07:00  INFO 27692 --- [ecommerce-backend] [main] w.s.c.ServletWebServerApplicationContext : Root WebApplicationContext: initialization completed in 1577 ms
2026-04-11T16:20:58.271+07:00  INFO 27692 --- [ecommerce-backend] [main] com.zaxxer.hikari.HikariDataSource       : HikariPool-1 - Starting...
2026-04-11T16:20:58.531+07:00  INFO 27692 --- [ecommerce-backend] [main] com.zaxxer.hikari.pool.HikariPool        : HikariPool-1 - Added connection ConnectionID:1 ClientConnectionId: eb4313f4-82b6-4309-8133-cd4ba626aa34
2026-04-11T16:20:58.535+07:00  INFO 27692 --- [ecommerce-backend] [main] com.zaxxer.hikari.HikariDataSource       : HikariPool-1 - Start completed.
2026-04-11T16:20:58.616+07:00  INFO 27692 --- [ecommerce-backend] [main] o.f.c.internal.license.VersionPrinter    : Flyway Community Edition 9.22.3 by Redgate
2026-04-11T16:20:58.616+07:00  INFO 27692 --- [ecommerce-backend] [main] o.f.c.internal.license.VersionPrinter    : See release notes here: https://rd.gt/416ObMi
2026-04-11T16:20:58.616+07:00  INFO 27692 --- [ecommerce-backend] [main] o.f.c.internal.license.VersionPrinter    : 
2026-04-11T16:20:58.631+07:00  INFO 27692 --- [ecommerce-backend] [main] org.flywaydb.core.FlywayExecutor         : Database: jdbc:sqlserver://localhost:1433;connectRetryInterval=10;connectRetryCount=1;maxResultBuffer=-1;sendTemporalDataTypesAsStringForBulkCopy=true;delayLoadingLobs=true;useFmtOnly=false;useBulkCopyForBatchInsert=false;cancelQueryTimeout=-1;sslProtocol=TLS;jaasConfigurationName=SQLJDBCDriver;statementPoolingCacheSize=0;serverPreparedStatementDiscardThreshold=10;enablePrepareOnFirstPreparedStatementCall=false;fips=false;socketTimeout=0;authentication=NotSpecified;authenticationScheme=nativeAuthentication;xopenStates=false;datetimeParameterType=datetime2;sendTimeAsDatetime=true;replication=false;trustStoreType=JKS;trustServerCertificate=true;TransparentNetworkIPResolution=true;iPAddressPreference=IPv4First;serverNameAsACE=false;sendStringParametersAsUnicode=true;selectMethod=direct;responseBuffering=adaptive;queryTimeout=-1;packetSize=8000;multiSubnetFailover=false;loginTimeout=30;lockTimeout=-1;lastUpdateCount=true;prepareMethod=prepexec;encrypt=true;disableStatementPooling=true;databaseName=OtakuECommerce;columnEncryptionSetting=Disabled;applicationName=Microsoft JDBC Driver for SQL Server;applicationIntent=readwrite; (Microsoft SQL Server 15.0)
2026-04-11T16:20:58.701+07:00  INFO 27692 --- [ecommerce-backend] [main] o.f.core.internal.command.DbValidate     : Successfully validated 3 migrations (execution time 00:00.039s)
2026-04-11T16:20:58.723+07:00  INFO 27692 --- [ecommerce-backend] [main] o.f.core.internal.command.DbMigrate      : Current version of schema [dbo]: 3
2026-04-11T16:20:58.725+07:00  INFO 27692 --- [ecommerce-backend] [main] o.f.core.internal.command.DbMigrate      : Schema [dbo] is up to date. No migration necessary.
2026-04-11T16:20:58.834+07:00  INFO 27692 --- [ecommerce-backend] [main] o.hibernate.jpa.internal.util.LogHelper  : HHH000204: Processing PersistenceUnitInfo [name: default]
2026-04-11T16:20:58.879+07:00  INFO 27692 --- [ecommerce-backend] [main] org.hibernate.Version                    : HHH000412: Hibernate ORM core version 6.4.4.Final
2026-04-11T16:20:58.901+07:00  INFO 27692 --- [ecommerce-backend] [main] o.h.c.internal.RegionFactoryInitiator    : HHH000026: Second-level cache disabled
2026-04-11T16:20:59.044+07:00  INFO 27692 --- [ecommerce-backend] [main] o.s.o.j.p.SpringPersistenceUnitInfo      : No LoadTimeWeaver setup: ignoring JPA class transformer
2026-04-11T16:20:59.076+07:00  WARN 27692 --- [ecommerce-backend] [main] org.hibernate.orm.deprecation            : HHH90000025: SQLServerDialect does not need to be specified explicitly using 'hibernate.dialect' (remove the property setting and it will be selected by default)
2026-04-11T16:20:59.711+07:00  INFO 27692 --- [ecommerce-backend] [main] o.h.e.t.j.p.i.JtaPlatformInitiator       : HHH000489: No JTA platform available (set 'hibernate.transaction.jta.platform' to enable JTA platform integration)
2026-04-11T16:20:59.938+07:00  INFO 27692 --- [ecommerce-backend] [main] j.LocalContainerEntityManagerFactoryBean : Initialized JPA EntityManagerFactory for persistence unit 'default'
2026-04-11T16:21:00.008+07:00  WARN 27692 --- [ecommerce-backend] [main] JpaBaseConfiguration$JpaWebConfiguration : spring.jpa.open-in-view is enabled by default. Therefore, database queries may be performed during view rendering. Explicitly configure spring.jpa.open-in-view to disable this warning
2026-04-11T16:21:00.051+07:00  WARN 27692 --- [ecommerce-backend] [main] .s.s.UserDetailsServiceAutoConfiguration : 

Using generated security password: 2e156b62-bd5a-416d-b1ab-497e0f9af4bb

This generated password is for development use only. Your security configuration must be updated before running your application in production.

2026-04-11T16:21:00.340+07:00  INFO 27692 --- [ecommerce-backend] [main] o.s.b.a.e.web.EndpointLinksResolver      : Exposing 3 endpoint(s) beneath base path '/actuator'
2026-04-11T16:21:00.391+07:00  INFO 27692 --- [ecommerce-backend] [main] o.s.s.web.DefaultSecurityFilterChain     : Will secure any request with [org.springframework.security.web.session.DisableEncodeUrlFilter@741f8cf, org.springframework.security.web.context.request.async.WebAsyncManagerIntegrationFilter@2926144f, org.springframework.security.web.context.SecurityContextHolderFilter@25df95b, org.springframework.security.web.header.HeaderWriterFilter@520034a, org.springframework.web.filter.CorsFilter@1df8ea34, org.springframework.security.web.authentication.logout.LogoutFilter@3b09582d, org.springframework.security.web.savedrequest.RequestCacheAwareFilter@1cd4082a, org.springframework.security.web.servletapi.SecurityContextHolderAwareRequestFilter@1fae388c, org.springframework.security.web.authentication.AnonymousAuthenticationFilter@6b0636d9, org.springframework.security.web.session.SessionManagementFilter@77a13162, org.springframework.security.web.access.ExceptionTranslationFilter@58c48a23, org.springframework.security.web.access.intercept.AuthorizationFilter@6792aa3e]
2026-04-11T16:21:00.994+07:00  INFO 27692 --- [ecommerce-backend] [main] o.s.b.w.embedded.tomcat.TomcatWebServer  : Tomcat started on port 8321 (http) with context path ''
2026-04-11T16:21:01.002+07:00  INFO 27692 --- [ecommerce-backend] [main] c.o.ecommerce.ECommerceOtakuApplication  : Started ECommerceOtakuApplication in 5.115 seconds (process running for 5.438)
2026-04-11T16:24:48.444+07:00  INFO 27692 --- [ecommerce-backend] [http-nio-8321-exec-1] o.a.c.c.C.[Tomcat].[localhost].[/]       : Initializing Spring DispatcherServlet 'dispatcherServlet'
2026-04-11T16:24:48.445+07:00  INFO 27692 --- [ecommerce-backend] [http-nio-8321-exec-1] o.s.web.servlet.DispatcherServlet        : Initializing Servlet 'dispatcherServlet'
2026-04-11T16:24:48.447+07:00  INFO 27692 --- [ecommerce-backend] [http-nio-8321-exec-1] o.s.web.servlet.DispatcherServlet        : Completed initialization in 2 ms
